1679308100824	geckodriver	INFO	Listening on 127.0.0.1:46335

Command '/usr/bin/firefox' requires the firefox snap to be installed.
Please install it with:

snap install firefox

1679308101335	mozrunner::runner	INFO	Running command: "/usr/bin/firefox" "--marionette" "--headless" "--no-sandbox" "--disable-dev-shm-usage" "--remote-debugging-port" "45139" "--remote-allow-hosts" "localhost" "-no-remote" "-profile" "/tmp/rust_mozprofilefAP8El"

Command '/usr/bin/firefox' requires the firefox snap to be installed.
Please install it with:

snap install firefox

1679310025753	geckodriver	INFO	Listening on 127.0.0.1:43029
1679319112173	geckodriver	INFO	Listening on 127.0.0.1:52245

Command '/usr/bin/firefox' requires the firefox snap to be installed.
Please install it with:

snap install firefox

1679319112684	mozrunner::runner	INFO	Running command: "/usr/bin/firefox" "--marionette" "--headless" "--no-sandbox" "--disable-dev-shm-usage" "--remote-debugging-port" "54865" "--remote-allow-hosts" "localhost" "-no-remote" "-profile" "/tmp/rust_mozprofileH8nABp"

Command '/usr/bin/firefox' requires the firefox snap to be installed.
Please install it with:

snap install firefox

1679319351076	geckodriver	INFO	Listening on 127.0.0.1:49347

Command '/usr/bin/firefox' requires the firefox snap to be installed.
Please install it with:

snap install firefox

1679319351586	mozrunner::runner	INFO	Running command: "/usr/bin/firefox" "--marionette" "--headless" "--no-sandbox" "--disable-dev-shm-usage" "--remote-debugging-port" "59237" "--remote-allow-hosts" "localhost" "-no-remote" "-profile" "/tmp/rust_mozprofile4HoVNI"

Command '/usr/bin/firefox' requires the firefox snap to be installed.
Please install it with:

snap install firefox

1679321014411	geckodriver	INFO	Listening on 127.0.0.1:57305
1679321015428	mozrunner::runner	INFO	Running command: "/usr/bin/firefox" "--marionette" "--headless" "--no-sandbox" "--disable-dev-shm-usage" "-no-remote" "-profile" "/tmp/rust_mozprofileKnlw3x"
*** You are running in headless mode.

(firefox:2153): Gtk-WARNING **: 14:03:35.479: Locale not supported by C library.
	Using the fallback 'C' locale.
console.warn: services.settings: Ignoring preference override of remote settings server
console.warn: services.settings: Allow by setting MOZ_REMOTE_SETTINGS_DEVTOOLS=1 in the environment
[GFX1-]: glxtest: libpci missing
[GFX1-]: glxtest: Unable to open a connection to the X server
[GFX1-]: No GPUs detected via PCI
1679321016189	Marionette	INFO	Marionette enabled
1679321016195	Marionette	INFO	Listening on port 38883
Read port: 38883
console.error: "Warning: unrecognized command line flag -no-sandbox\n"
1679321016412	RemoteAgent	WARN	TLS certificate errors will be ignored for this session
[GFX1-]: RenderCompositorSWGL failed mapping default framebuffer, no dt
console.error: ({})
console.warn: SearchSettings: "get: No settings file exists, new profile?" (new NotFoundError("Could not open the file at /tmp/rust_mozprofileKnlw3x/search.json.mozlz4", (void 0)))
JavaScript error: https://media.ethicalads.io/media/client/v1.4.0/ethicalads.min.js, line 1: Error: No ad placements found.
JavaScript error: resource:///actors/FormValidationChild.sys.mjs, line 178: TypeError: this._element is null
1679321022556	Marionette	INFO	Stopped listening on port 38883
1679321584967	geckodriver	INFO	Listening on 127.0.0.1:44515
1679321586003	mozrunner::runner	INFO	Running command: "/usr/bin/firefox" "--marionette" "--headless" "--no-sandbox" "--disable-dev-shm-usage" "-no-remote" "-profile" "/tmp/rust_mozprofile1rerm9"
*** You are running in headless mode.

(firefox:1709): Gtk-WARNING **: 14:13:06.156: Locale not supported by C library.
	Using the fallback 'C' locale.
console.warn: services.settings: Ignoring preference override of remote settings server
console.warn: services.settings: Allow by setting MOZ_REMOTE_SETTINGS_DEVTOOLS=1 in the environment
[GFX1-]: glxtest: libpci missing
[GFX1-]: glxtest: Unable to open a connection to the X server
[GFX1-]: No GPUs detected via PCI
1679321586986	Marionette	INFO	Marionette enabled
1679321586998	Marionette	INFO	Listening on port 44203
Read port: 44203
console.error: "Warning: unrecognized command line flag -no-sandbox\n"
1679321587462	RemoteAgent	WARN	TLS certificate errors will be ignored for this session
[GFX1-]: RenderCompositorSWGL failed mapping default framebuffer, no dt
console.error: ({})
console.warn: SearchSettings: "get: No settings file exists, new profile?" (new NotFoundError("Could not open the file at /tmp/rust_mozprofile1rerm9/search.json.mozlz4", (void 0)))
JavaScript error: https://media.ethicalads.io/media/client/v1.4.0/ethicalads.min.js, line 1: Error: No ad placements found.
JavaScript error: resource:///actors/FormValidationChild.sys.mjs, line 178: TypeError: this._element is null
1679321594870	Marionette	INFO	Stopped listening on port 44203
WARNING: A blocker encountered an error while we were waiting.
          Blocker:  Waiting for ping task
          Phase: TelemetryController: Waiting for pending ping activity
          State: (none)
WARNING: Error: Phase "profile-before-change" is finished, it is too late to register completion condition "OS.File: flush I/O queued before profileBeforeChange"
WARNING: addBlocker@resource://gre/modules/AsyncShutdown.sys.mjs:727:15
addBlocker@resource://gre/modules/AsyncShutdown.sys.mjs:523:26
addBlocker@resource://gre/modules/AsyncShutdown.sys.mjs:458:15
setupShutdown@resource://gre/modules/osfile/osfile_async_front.jsm:1548:28
@resource://gre/modules/osfile/osfile_async_front.jsm:1568:16
@resource://gre/modules/osfile.jsm:12:30
@resource://gre/modules/TelemetryStorage.sys.mjs:10:28
_checkPendingPings@resource://gre/modules/TelemetrySend.sys.mjs:863:17
setup@resource://gre/modules/TelemetrySend.sys.mjs:803:18
setup@resource://gre/modules/TelemetrySend.sys.mjs:241:30
setupTelemetry/this._delayedInitTask<@resource://gre/modules/TelemetryControllerParent.sys.mjs:828:36
observe@resource://gre/modules/AsyncShutdown.sys.mjs:576:16

console.error: "TelemetryScheduler.shutdown - Already shut down"
WARNING: A blocker encountered an error while we were waiting.
          Blocker:  Waiting for ping task
          Phase: TelemetryController: Waiting for pending ping activity
          State: (none)
WARNING: Error: Phase "profile-before-change" is finished, it is too late to register completion condition "OS.File: flush I/O queued before profileBeforeChange"
WARNING: addBlocker@resource://gre/modules/AsyncShutdown.sys.mjs:727:15
addBlocker@resource://gre/modules/AsyncShutdown.sys.mjs:523:26
addBlocker@resource://gre/modules/AsyncShutdown.sys.mjs:458:15
setupShutdown@resource://gre/modules/osfile/osfile_async_front.jsm:1548:28
@resource://gre/modules/osfile/osfile_async_front.jsm:1568:16
@resource://gre/modules/osfile.jsm:12:30
@resource://gre/modules/TelemetryStorage.sys.mjs:10:28
_checkPendingPings@resource://gre/modules/TelemetrySend.sys.mjs:863:17
setup@resource://gre/modules/TelemetrySend.sys.mjs:803:18
setup@resource://gre/modules/TelemetrySend.sys.mjs:241:30
setupTelemetry/this._delayedInitTask<@resource://gre/modules/TelemetryControllerParent.sys.mjs:828:36
observe@resource://gre/modules/AsyncShutdown.sys.mjs:576:16

WARNING: A blocker encountered an error while we were waiting.
          Blocker:  Waiting for ping task
          Phase: TelemetryController: Waiting for pending ping activity
          State: (none)
WARNING: Error: Phase "profile-before-change" is finished, it is too late to register completion condition "OS.File: flush I/O queued before profileBeforeChange"
WARNING: addBlocker@resource://gre/modules/AsyncShutdown.sys.mjs:727:15
addBlocker@resource://gre/modules/AsyncShutdown.sys.mjs:523:26
addBlocker@resource://gre/modules/AsyncShutdown.sys.mjs:458:15
setupShutdown@resource://gre/modules/osfile/osfile_async_front.jsm:1548:28
@resource://gre/modules/osfile/osfile_async_front.jsm:1568:16
@resource://gre/modules/osfile.jsm:12:30
@resource://gre/modules/TelemetryStorage.sys.mjs:10:28
_checkPendingPings@resource://gre/modules/TelemetrySend.sys.mjs:863:17
setup@resource://gre/modules/TelemetrySend.sys.mjs:803:18
setup@resource://gre/modules/TelemetrySend.sys.mjs:241:30
setupTelemetry/this._delayedInitTask<@resource://gre/modules/TelemetryControllerParent.sys.mjs:828:36
observe@resource://gre/modules/AsyncShutdown.sys.mjs:576:16

WARNING: A blocker encountered an error while we were waiting.
          Blocker:  TelemetryController: shutting down
          Phase: profile-before-change-telemetry
          State: Error getting state: Error: Phase "profile-before-change" is finished, it is too late to register completion condition "OS.File: flush I/O queued before profileBeforeChange" at addBlocker@resource://gre/modules/AsyncShutdown.sys.mjs:727:15
addBlocker@resource://gre/modules/AsyncShutdown.sys.mjs:523:26
addBlocker@resource://gre/modules/AsyncShutdown.sys.mjs:458:15
setupShutdown@resource://gre/modules/osfile/osfile_async_front.jsm:1548:28
@resource://gre/modules/osfile/osfile_async_front.jsm:1568:16
@resource://gre/modules/osfile.jsm:12:30
@resource://gre/modules/TelemetryStorage.sys.mjs:10:28
_checkPendingPings@resource://gre/modules/TelemetrySend.sys.mjs:863:17
setup@resource://gre/modules/TelemetrySend.sys.mjs:803:18
setup@resource://gre/modules/TelemetrySend.sys.mjs:241:30
setupTelemetry/this._delayedInitTask<@resource://gre/modules/TelemetryControllerParent.sys.mjs:828:36
observe@resource://gre/modules/AsyncShutdown.sys.mjs:576:16

WARNING: Error: Phase "profile-before-change" is finished, it is too late to register completion condition "OS.File: flush I/O queued before profileBeforeChange"
WARNING: addBlocker@resource://gre/modules/AsyncShutdown.sys.mjs:727:15
addBlocker@resource://gre/modules/AsyncShutdown.sys.mjs:523:26
addBlocker@resource://gre/modules/AsyncShutdown.sys.mjs:458:15
setupShutdown@resource://gre/modules/osfile/osfile_async_front.jsm:1548:28
@resource://gre/modules/osfile/osfile_async_front.jsm:1568:16
@resource://gre/modules/osfile.jsm:12:30
@resource://gre/modules/TelemetryStorage.sys.mjs:10:28
_checkPendingPings@resource://gre/modules/TelemetrySend.sys.mjs:863:17
setup@resource://gre/modules/TelemetrySend.sys.mjs:803:18
setup@resource://gre/modules/TelemetrySend.sys.mjs:241:30
setupTelemetry/this._delayedInitTask<@resource://gre/modules/TelemetryControllerParent.sys.mjs:828:36
observe@resource://gre/modules/AsyncShutdown.sys.mjs:576:16

JavaScript error: resource://gre/modules/AsyncShutdown.sys.mjs, line 727: Error: Phase "profile-before-change" is finished, it is too late to register completion condition "OS.File: flush I/O queued before profileBeforeChange"
JavaScript error: resource://gre/modules/AsyncShutdown.sys.mjs, line 727: Error: Phase "profile-before-change" is finished, it is too late to register completion condition "OS.File: flush I/O queued before profileBeforeChange"
JavaScript error: resource://gre/modules/AsyncShutdown.sys.mjs, line 727: Error: Phase "profile-before-change" is finished, it is too late to register completion condition "OS.File: flush I/O queued before profileBeforeChange"
JavaScript error: resource://gre/modules/AsyncShutdown.sys.mjs, line 727: Error: Phase "profile-before-change" is finished, it is too late to register completion condition "OS.File: flush I/O queued before profileBeforeChange"
JavaScript error: resource://gre/modules/AsyncShutdown.sys.mjs, line 727: Error: Phase "profile-before-change" is finished, it is too late to register completion condition "OS.File: flush I/O queued before profileBeforeChange"
JavaScript error: resource://gre/modules/AsyncShutdown.sys.mjs, line 727: Error: Phase "profile-before-change" is finished, it is too late to register completion condition "OS.File: flush I/O queued before profileBeforeChange"
1679322691712	geckodriver	INFO	Listening on 127.0.0.1:39775
1679322692708	mozrunner::runner	INFO	Running command: "/usr/bin/firefox" "--marionette" "--headless" "--no-sandbox" "--disable-dev-shm-usage" "-no-remote" "-profile" "/tmp/rust_mozprofileMtHnP5"
*** You are running in headless mode.

(firefox:2314): Gtk-WARNING **: 14:31:33.017: Locale not supported by C library.
	Using the fallback 'C' locale.
console.warn: services.settings: Ignoring preference override of remote settings server
console.warn: services.settings: Allow by setting MOZ_REMOTE_SETTINGS_DEVTOOLS=1 in the environment
[GFX1-]: glxtest: libpci missing
[GFX1-]: glxtest: Unable to open a connection to the X server
[GFX1-]: No GPUs detected via PCI
1679322693835	Marionette	INFO	Marionette enabled
1679322693860	Marionette	INFO	Listening on port 45863
Read port: 45863
console.error: "Warning: unrecognized command line flag -no-sandbox\n"
1679322694179	RemoteAgent	WARN	TLS certificate errors will be ignored for this session
[GFX1-]: RenderCompositorSWGL failed mapping default framebuffer, no dt
console.error: ({})
console.warn: SearchSettings: "get: No settings file exists, new profile?" (new NotFoundError("Could not open the file at /tmp/rust_mozprofileMtHnP5/search.json.mozlz4", (void 0)))
JavaScript error: https://media.ethicalads.io/media/client/v1.4.0/ethicalads.min.js, line 1: Error: No ad placements found.
JavaScript error: resource:///actors/FormValidationChild.sys.mjs, line 178: TypeError: this._element is null
1679322699544	Marionette	INFO	Stopped listening on port 45863
1679322936727	geckodriver	INFO	Listening on 127.0.0.1:45119
1679322937734	mozrunner::runner	INFO	Running command: "/usr/bin/firefox" "--marionette" "--headless" "--no-sandbox" "--disable-dev-shm-usage" "-no-remote" "-profile" "/tmp/rust_mozprofileMOHUJ8"
*** You are running in headless mode.

(firefox:4537): Gtk-WARNING **: 14:35:37.779: Locale not supported by C library.
	Using the fallback 'C' locale.
console.warn: services.settings: Ignoring preference override of remote settings server
console.warn: services.settings: Allow by setting MOZ_REMOTE_SETTINGS_DEVTOOLS=1 in the environment
[GFX1-]: glxtest: libpci missing
[GFX1-]: glxtest: Unable to open a connection to the X server
[GFX1-]: No GPUs detected via PCI
1679322938261	Marionette	INFO	Marionette enabled
1679322938268	Marionette	INFO	Listening on port 40745
console.error: "Warning: unrecognized command line flag -no-sandbox\n"
Read port: 40745
1679322938449	RemoteAgent	WARN	TLS certificate errors will be ignored for this session
[GFX1-]: RenderCompositorSWGL failed mapping default framebuffer, no dt
console.error: ({})
console.warn: SearchSettings: "get: No settings file exists, new profile?" (new NotFoundError("Could not open the file at /tmp/rust_mozprofileMOHUJ8/search.json.mozlz4", (void 0)))
JavaScript error: https://media.ethicalads.io/media/client/v1.4.0/ethicalads.min.js, line 1: Error: No ad placements found.
JavaScript error: resource:///actors/FormValidationChild.sys.mjs, line 178: TypeError: this._element is null
1679322943090	Marionette	INFO	Stopped listening on port 40745
1679328655825	geckodriver	INFO	Listening on 127.0.0.1:56987
1679328656830	mozrunner::runner	INFO	Running command: "/usr/bin/firefox" "--marionette" "--no-sandbox" "--disable-dev-shm-usage" "-no-remote" "-profile" "/tmp/rust_mozprofileEOq4p7"

(firefox:2212): Gtk-WARNING **: 16:10:56.858: Locale not supported by C library.
	Using the fallback 'C' locale.
console.warn: services.settings: Ignoring preference override of remote settings server
console.warn: services.settings: Allow by setting MOZ_REMOTE_SETTINGS_DEVTOOLS=1 in the environment
[GFX1-]: glxtest: libpci missing
[GFX1-]: glxtest: libEGL missing
1679328658124	Marionette	INFO	Marionette enabled
1679328658134	Marionette	INFO	Listening on port 39559
console.error: "Warning: unrecognized command line flag -no-sandbox\n"
Read port: 39559
1679328658495	RemoteAgent	WARN	TLS certificate errors will be ignored for this session
console.error: ({})
console.warn: SearchSettings: "get: No settings file exists, new profile?" (new NotFoundError("Could not open the file at /tmp/rust_mozprofileEOq4p7/search.json.mozlz4", (void 0)))
[Parent 2212, Main Thread] WARNING: Unable to get session bus: Failed to execute child process “dbus-launch” (No such file or directory): 'glib warning', file /build/firefox-inHim8/firefox-111.0+build2/toolkit/xre/nsSigHandlers.cpp:167

(firefox:2212): LIBDBUSMENU-GLIB-WARNING **: 16:11:00.225: Unable to get session bus: Failed to execute child process ?dbus-launch? (No such file or directory)
JavaScript error: https://media.ethicalads.io/media/client/v1.4.0/ethicalads.min.js, line 1: Error: No ad placements found.
JavaScript error: resource:///actors/FormValidationChild.sys.mjs, line 178: TypeError: this._element is null
1679328664128	Marionette	INFO	Stopped listening on port 39559
1679328759691	geckodriver	INFO	Listening on 127.0.0.1:55529
1679328760697	mozrunner::runner	INFO	Running command: "/usr/bin/firefox" "--marionette" "--no-sandbox" "--disable-dev-shm-usage" "-no-remote" "-profile" "/tmp/rust_mozprofileus5FJT"

(firefox:3889): Gtk-WARNING **: 16:12:40.721: Locale not supported by C library.
	Using the fallback 'C' locale.
console.warn: services.settings: Ignoring preference override of remote settings server
console.warn: services.settings: Allow by setting MOZ_REMOTE_SETTINGS_DEVTOOLS=1 in the environment
[GFX1-]: glxtest: libpci missing
[GFX1-]: glxtest: libEGL missing
1679328761219	Marionette	INFO	Marionette enabled
1679328761225	Marionette	INFO	Listening on port 35309
console.error: "Warning: unrecognized command line flag -no-sandbox\n"
Read port: 35309
1679328761357	RemoteAgent	WARN	TLS certificate errors will be ignored for this session
console.error: ({})
console.warn: SearchSettings: "get: No settings file exists, new profile?" (new NotFoundError("Could not open the file at /tmp/rust_mozprofileus5FJT/search.json.mozlz4", (void 0)))
[Parent 3889, Main Thread] WARNING: Unable to get session bus: Failed to execute child process “dbus-launch” (No such file or directory): 'glib warning', file /build/firefox-inHim8/firefox-111.0+build2/toolkit/xre/nsSigHandlers.cpp:167

(firefox:3889): LIBDBUSMENU-GLIB-WARNING **: 16:12:42.273: Unable to get session bus: Failed to execute child process ?dbus-launch? (No such file or directory)
JavaScript error: https://media.ethicalads.io/media/client/v1.4.0/ethicalads.min.js, line 1: Error: No ad placements found.
JavaScript error: resource:///actors/FormValidationChild.sys.mjs, line 178: TypeError: this._element is null
1679328764895	Marionette	INFO	Stopped listening on port 35309
